2025-01-26 00:56:57,664 INFO: User logged in: testuser [in /home/user/testing-building-new-app/backend/routes/auth.py:64]
2025-01-26 00:56:57,672 INFO: Protected route accessed by user: testuser [in /home/user/testing-building-new-app/backend/routes/auth.py:96]
2025-01-26 00:56:57,741 WARNING: Forgot password attempt for non-existent email: testuser@example.com [in /home/user/testing-building-new-app/backend/routes/auth.py:125]
2025-01-26 00:56:57,756 WARNING: Forgot password attempt for non-existent email: testuser@example.com [in /home/user/testing-building-new-app/backend/routes/auth.py:125]
2025-01-26 00:57:32,596 INFO: User Management startup [in /home/user/testing-building-new-app/backend/app.py:53]
2025-01-26 00:57:33,026 INFO: New user registered: testuser [in /home/user/testing-building-new-app/backend/routes/auth.py:50]
2025-01-26 00:57:33,045 WARNING: Registration attempt with invalid email: invalid_email [in /home/user/testing-building-new-app/backend/routes/auth.py:34]
2025-01-26 00:57:33,051 WARNING: Registration attempt with weak password for user: testuser [in /home/user/testing-building-new-app/backend/routes/auth.py:38]
2025-01-26 00:57:33,398 INFO: New user registered: testuser [in /home/user/testing-building-new-app/backend/routes/auth.py:50]
2025-01-26 00:57:33,752 INFO: User logged in: testuser [in /home/user/testing-building-new-app/backend/routes/auth.py:64]
2025-01-26 00:57:34,112 INFO: New user registered: testuser [in /home/user/testing-building-new-app/backend/routes/auth.py:50]
2025-01-26 00:57:34,453 INFO: User logged in: testuser [in /home/user/testing-building-new-app/backend/routes/auth.py:64]
2025-01-26 00:57:34,461 INFO: Protected route accessed by user: testuser [in /home/user/testing-building-new-app/backend/routes/auth.py:96]
2025-01-26 00:57:34,562 WARNING: Forgot password attempt for non-existent email: testuser@example.com [in /home/user/testing-building-new-app/backend/routes/auth.py:125]
2025-01-26 00:57:34,576 WARNING: Forgot password attempt for non-existent email: testuser@example.com [in /home/user/testing-building-new-app/backend/routes/auth.py:125]
2025-01-26 00:58:29,338 INFO: User Management startup [in /home/user/testing-building-new-app/backend/app.py:53]
2025-01-26 00:58:29,742 INFO: New user registered: testuser [in /home/user/testing-building-new-app/backend/routes/auth.py:50]
2025-01-26 00:58:29,753 WARNING: Registration attempt with invalid email: invalid_email [in /home/user/testing-building-new-app/backend/routes/auth.py:34]
2025-01-26 00:58:29,759 WARNING: Registration attempt with weak password for user: testuser [in /home/user/testing-building-new-app/backend/routes/auth.py:38]
2025-01-26 00:58:30,105 INFO: New user registered: testuser [in /home/user/testing-building-new-app/backend/routes/auth.py:50]
2025-01-26 00:58:30,448 INFO: User logged in: testuser [in /home/user/testing-building-new-app/backend/routes/auth.py:64]
2025-01-26 00:58:30,794 INFO: New user registered: testuser [in /home/user/testing-building-new-app/backend/routes/auth.py:50]
2025-01-26 00:58:31,135 INFO: User logged in: testuser [in /home/user/testing-building-new-app/backend/routes/auth.py:64]
2025-01-26 00:58:31,140 INFO: Protected route accessed by user: testuser [in /home/user/testing-building-new-app/backend/routes/auth.py:96]
2025-01-26 00:58:31,487 INFO: New user registered: adminuser [in /home/user/testing-building-new-app/backend/routes/auth.py:50]
2025-01-26 00:58:31,829 INFO: User logged in: adminuser [in /home/user/testing-building-new-app/backend/routes/auth.py:64]
2025-01-26 00:58:31,831 INFO: Admin dashboard accessed by user: adminuser [in /home/user/testing-building-new-app/backend/routes/auth.py:110]
2025-01-26 00:58:32,177 INFO: New user registered: testuser [in /home/user/testing-building-new-app/backend/routes/auth.py:50]
2025-01-26 00:58:32,185 INFO: Password reset requested for user: testuser [in /home/user/testing-building-new-app/backend/routes/auth.py:143]
2025-01-26 00:58:32,640 INFO: New user registered: testuser [in /home/user/testing-building-new-app/backend/routes/auth.py:50]
2025-01-26 00:58:32,645 INFO: Password reset requested for user: testuser [in /home/user/testing-building-new-app/backend/routes/auth.py:143]
2025-01-26 00:58:33,019 INFO: Password reset successful for user: testuser [in /home/user/testing-building-new-app/backend/routes/auth.py:170]
2025-01-26 00:59:39,624 INFO: User Management startup [in /home/user/testing-building-new-app/backend/app.py:53]
2025-01-26 00:59:40,015 INFO: New user registered: testuser [in /home/user/testing-building-new-app/backend/routes/auth.py:32]
2025-01-26 00:59:40,366 INFO: New user registered: testuser [in /home/user/testing-building-new-app/backend/routes/auth.py:32]
2025-01-26 00:59:40,768 INFO: New user registered: testuser [in /home/user/testing-building-new-app/backend/routes/auth.py:32]
2025-01-26 00:59:41,122 INFO: New user registered: testuser [in /home/user/testing-building-new-app/backend/routes/auth.py:32]
2025-01-26 00:59:41,462 INFO: User logged in: testuser [in /home/user/testing-building-new-app/backend/routes/auth.py:46]
2025-01-26 00:59:41,809 INFO: New user registered: testuser [in /home/user/testing-building-new-app/backend/routes/auth.py:32]
2025-01-26 00:59:42,147 INFO: User logged in: testuser [in /home/user/testing-building-new-app/backend/routes/auth.py:46]
2025-01-26 00:59:42,153 INFO: Protected route accessed by user: testuser [in /home/user/testing-building-new-app/backend/routes/auth.py:60]
2025-01-26 00:59:42,498 INFO: New user registered: adminuser [in /home/user/testing-building-new-app/backend/routes/auth.py:32]
2025-01-26 00:59:42,839 INFO: User logged in: adminuser [in /home/user/testing-building-new-app/backend/routes/auth.py:46]
2025-01-26 00:59:42,842 INFO: Admin dashboard accessed by user: adminuser [in /home/user/testing-building-new-app/backend/routes/auth.py:74]
2025-01-26 00:59:43,188 INFO: New user registered: testuser [in /home/user/testing-building-new-app/backend/routes/auth.py:32]
2025-01-26 00:59:43,196 INFO: Password reset requested for user: testuser [in /home/user/testing-building-new-app/backend/routes/auth.py:106]
2025-01-26 00:59:43,541 INFO: New user registered: testuser [in /home/user/testing-building-new-app/backend/routes/auth.py:32]
2025-01-26 00:59:43,546 INFO: Password reset requested for user: testuser [in /home/user/testing-building-new-app/backend/routes/auth.py:106]
2025-01-26 00:59:43,891 INFO: Password reset successful for user: testuser [in /home/user/testing-building-new-app/backend/routes/auth.py:128]
2025-01-26 01:00:50,722 INFO: User Management startup [in /home/user/testing-building-new-app/backend/app.py:53]
2025-01-26 01:00:51,112 INFO: New user registered: testuser [in /home/user/testing-building-new-app/backend/routes/auth.py:46]
2025-01-26 01:00:51,474 INFO: New user registered: testuser [in /home/user/testing-building-new-app/backend/routes/auth.py:46]
2025-01-26 01:00:51,814 INFO: User logged in: testuser [in /home/user/testing-building-new-app/backend/routes/auth.py:60]
2025-01-26 01:00:52,161 INFO: New user registered: testuser [in /home/user/testing-building-new-app/backend/routes/auth.py:46]
2025-01-26 01:00:52,500 INFO: User logged in: testuser [in /home/user/testing-building-new-app/backend/routes/auth.py:60]
2025-01-26 01:00:52,506 INFO: Protected route accessed by user: testuser [in /home/user/testing-building-new-app/backend/routes/auth.py:74]
2025-01-26 01:00:52,851 INFO: New user registered: adminuser [in /home/user/testing-building-new-app/backend/routes/auth.py:46]
2025-01-26 01:00:53,192 INFO: User logged in: adminuser [in /home/user/testing-building-new-app/backend/routes/auth.py:60]
2025-01-26 01:00:53,195 INFO: Admin dashboard accessed by user: adminuser [in /home/user/testing-building-new-app/backend/routes/auth.py:88]
2025-01-26 01:00:53,540 INFO: New user registered: testuser [in /home/user/testing-building-new-app/backend/routes/auth.py:46]
2025-01-26 01:00:53,548 INFO: Password reset requested for user: testuser [in /home/user/testing-building-new-app/backend/routes/auth.py:120]
2025-01-26 01:00:53,894 INFO: New user registered: testuser [in /home/user/testing-building-new-app/backend/routes/auth.py:46]
2025-01-26 01:00:53,900 INFO: Password reset requested for user: testuser [in /home/user/testing-building-new-app/backend/routes/auth.py:120]
2025-01-26 01:00:54,244 INFO: Password reset successful for user: testuser [in /home/user/testing-building-new-app/backend/routes/auth.py:142]
2025-01-26 01:01:21,662 INFO: User Management startup [in /home/user/testing-building-new-app/backend/app.py:53]
2025-01-26 01:01:56,108 INFO: User Management startup [in /home/user/testing-building-new-app/backend/app.py:53]
